<?xml version="1.0" encoding="UTF-8"?>
<!-- Generated by org.testng.reporters.JUnitReportReporter -->
<testsuite hostname="laptop" failures="0" tests="3" name="testNGProject.DataProviderClass" time="18.574" errors="0" timestamp="2022-08-19T12:54:27 CDT" skipped="0">
  <testcase classname="testNGProject.DataProviderClass" name="checking" time="6.605"/>
  <system-out/>
  <testcase classname="testNGProject.DataProviderClass" name="checking" time="4.643"/>
  <system-out/>
  <testcase classname="testNGProject.DataProviderClass" name="checking" time="7.326"/>
  <system-out/>
</testsuite> <!-- testNGProject.DataProviderClass -->
