<?xml version="1.0" encoding="UTF-8"?>
<!-- Generated by org.testng.reporters.JUnitReportReporter -->
<testsuite hostname="laptop" failures="0" tests="3" name="testNGProject.OpenWebsites" time="21.740" errors="0" timestamp="2022-08-19T12:25:28 CDT" skipped="0">
  <testcase classname="testNGProject.OpenWebsites" name="openingCnbcSite" time="5.701"/>
  <system-out/>
  <testcase classname="testNGProject.OpenWebsites" name="openingYahooSite" time="8.693"/>
  <system-out/>
  <testcase classname="testNGProject.OpenWebsites" name="openingAmazonSite" time="7.346"/>
  <system-out/>
</testsuite> <!-- testNGProject.OpenWebsites -->
