<?xml version="1.0" encoding="UTF-8"?>
<!-- Generated by org.testng.reporters.JUnitReportReporter -->
<testsuite hostname="laptop" failures="0" tests="2" name="testNGProject.MultiTestAssignement" time="18.709" errors="0" timestamp="2022-09-09T11:42:04 CDT" skipped="0">
  <testcase classname="testNGProject.MultiTestAssignement" name="openBrowser" time="16.805"/>
  <system-out/>
  <testcase classname="testNGProject.MultiTestAssignement" name="clickonHome" time="1.904"/>
  <system-out/>
</testsuite> <!-- testNGProject.MultiTestAssignement -->
