<?xml version="1.0" encoding="UTF-8"?>
<!-- Generated by org.testng.reporters.JUnitReportReporter -->
<testsuite hostname="laptop" failures="0" tests="1" name="testNGProject.AssertTitle" time="7.421" errors="0" timestamp="2022-08-20T12:29:24 CDT" skipped="0">
  <testcase classname="testNGProject.AssertTitle" name="checkGoogleSite" time="7.421"/>
  <system-out/>
</testsuite> <!-- testNGProject.AssertTitle -->
