<?xml version="1.0" encoding="UTF-8"?>
<!-- Generated by org.testng.reporters.JUnitReportReporter -->
<testsuite hostname="laptop" failures="0" tests="1" name="testNGProject.BeforeAfterClass" time="7.021" errors="0" timestamp="2022-08-19T12:40:24 CDT" skipped="0">
  <testcase classname="testNGProject.BeforeAfterClass" name="performLogin" time="7.021"/>
  <system-out/>
</testsuite> <!-- testNGProject.BeforeAfterClass -->
