<?xml version="1.0" encoding="UTF-8"?>
<!-- Generated by org.testng.reporters.JUnitReportReporter -->
<testsuite hostname="laptop" failures="0" tests="1" name="testNGProject.NewTest" time="25.133" errors="0" timestamp="2022-09-09T11:37:29 CDT" skipped="0">
  <testcase classname="testNGProject.NewTest" name="f" time="25.133"/>
  <system-out/>
</testsuite> <!-- testNGProject.NewTest -->
