<?xml version="1.0" encoding="UTF-8"?>
<!-- Generated by org.testng.reporters.JUnitReportReporter -->
<testsuite hostname="laptop" failures="0" tests="1" name="testNGProject.GroupTest" time="0.005" errors="0" timestamp="2022-09-09T12:15:31 CDT" skipped="0">
  <testcase classname="testNGProject.GroupTest" name="explorePage" time="0.005"/>
  <system-out/>
</testsuite> <!-- testNGProject.GroupTest -->
